c:\users\ashat\source\repos\kursach01\kursach01\x64\debug\vc143.pdb
c:\users\ashat\source\repos\kursach01\kursach01\x64\debug\.netframework,version=v4.7.2.assemblyattributes.obj
c:\users\ashat\source\repos\kursach01\kursach01\x64\debug\loginform.obj
c:\users\ashat\source\repos\kursach01\kursach01\x64\debug\program.obj
c:\users\ashat\source\repos\kursach01\x64\debug\kursach01.exe
c:\users\ashat\source\repos\kursach01\kursach01\x64\debug\kursach01.vcxproj.assemblyreference.cache
c:\users\ashat\source\repos\kursach01\kursach01\x64\debug\kursach01.vcxproj.generateresource.cache
c:\users\ashat\source\repos\kursach01\kursach01\x64\debug\kursach01.vcxproj.suggestedbindingredirects.cache
c:\users\ashat\source\repos\kursach01\kursach01\x64\debug\kursach01.loginform.resources
c:\users\ashat\source\repos\kursach01\x64\debug\kursach01.pdb
c:\users\ashat\source\repos\kursach01\kursach01\x64\debug\kursach01.tlog\cl.command.1.tlog
c:\users\ashat\source\repos\kursach01\kursach01\x64\debug\kursach01.tlog\cl.read.1.tlog
c:\users\ashat\source\repos\kursach01\kursach01\x64\debug\kursach01.tlog\cl.write.1.tlog
c:\users\ashat\source\repos\kursach01\kursach01\x64\debug\kursach01.tlog\link.14800.read.1.tlog
c:\users\ashat\source\repos\kursach01\kursach01\x64\debug\kursach01.tlog\link.14800.read.2.tlog
c:\users\ashat\source\repos\kursach01\kursach01\x64\debug\kursach01.tlog\link.14800.write.1.tlog
c:\users\ashat\source\repos\kursach01\kursach01\x64\debug\kursach01.tlog\link.5964.read.1.tlog
c:\users\ashat\source\repos\kursach01\kursach01\x64\debug\kursach01.tlog\link.5964.read.2.tlog
c:\users\ashat\source\repos\kursach01\kursach01\x64\debug\kursach01.tlog\link.5964.write.1.tlog
c:\users\ashat\source\repos\kursach01\kursach01\x64\debug\kursach01.tlog\link.8140.read.1.tlog
c:\users\ashat\source\repos\kursach01\kursach01\x64\debug\kursach01.tlog\link.8140.read.2.tlog
c:\users\ashat\source\repos\kursach01\kursach01\x64\debug\kursach01.tlog\link.8140.write.1.tlog
c:\users\ashat\source\repos\kursach01\kursach01\x64\debug\kursach01.tlog\link.9388.read.1.tlog
c:\users\ashat\source\repos\kursach01\kursach01\x64\debug\kursach01.tlog\link.9388.read.2.tlog
c:\users\ashat\source\repos\kursach01\kursach01\x64\debug\kursach01.tlog\link.9388.write.1.tlog
c:\users\ashat\source\repos\kursach01\kursach01\x64\debug\kursach01.tlog\link.command.1.tlog
c:\users\ashat\source\repos\kursach01\kursach01\x64\debug\kursach01.tlog\link.read.1.tlog
c:\users\ashat\source\repos\kursach01\kursach01\x64\debug\kursach01.tlog\link.read.2.tlog
c:\users\ashat\source\repos\kursach01\kursach01\x64\debug\kursach01.tlog\link.write.1.tlog
c:\users\ashat\source\repos\kursach01\kursach01\x64\debug\kursach01.tlog\metagen.read.1.tlog
c:\users\ashat\source\repos\kursach01\kursach01\x64\debug\kursach01.tlog\metagen.write.1.tlog
c:\users\ashat\source\repos\kursach01\kursach01\x64\debug\kursach01.tlog\resgen.command.1.tlog
c:\users\ashat\source\repos\kursach01\kursach01\x64\debug\kursach01.tlog\resgen.read.1.tlog
c:\users\ashat\source\repos\kursach01\kursach01\x64\debug\kursach01.tlog\resgen.write.1.tlog
